{"/Users/zehan/Desktop/altcampus/Advance-JAVASCRIPT/Advanced DOM and Writing Test/test-with/writing-test/TA-JS-advanced-dom-and-test-TJaaan/block-BJaajc/code/index.js": {"path":"/Users/zehan/Desktop/altcampus/Advance-JAVASCRIPT/Advanced DOM and Writing Test/test-with/writing-test/TA-JS-advanced-dom-and-test-TJaaan/block-BJaajc/code/index.js","statementMap":{"0":{"start":{"line":3,"column":4},"end":{"line":3,"column":38}},"1":{"start":{"line":7,"column":4},"end":{"line":7,"column":33}},"2":{"start":{"line":11,"column":23},"end":{"line":11,"column":33}},"3":{"start":{"line":12,"column":4},"end":{"line":12,"column":50}},"4":{"start":{"line":16,"column":15},"end":{"line":16,"column":19}},"5":{"start":{"line":17,"column":15},"end":{"line":17,"column":24}},"6":{"start":{"line":18,"column":4},"end":{"line":18,"column":32}},"7":{"start":{"line":21,"column":0},"end":{"line":21,"column":65}}},"fnMap":{"0":{"name":"fullName","decl":{"start":{"line":2,"column":9},"end":{"line":2,"column":17}},"loc":{"start":{"line":2,"column":40},"end":{"line":4,"column":1}},"line":2},"1":{"name":"isPalindrome","decl":{"start":{"line":6,"column":9},"end":{"line":6,"column":21}},"loc":{"start":{"line":6,"column":28},"end":{"line":8,"column":1}},"line":6},"2":{"name":"getCircumfrence","decl":{"start":{"line":10,"column":9},"end":{"line":10,"column":24}},"loc":{"start":{"line":10,"column":33},"end":{"line":13,"column":1}},"line":10},"3":{"name":"getArea","decl":{"start":{"line":15,"column":9},"end":{"line":15,"column":16}},"loc":{"start":{"line":15,"column":20},"end":{"line":19,"column":1}},"line":15}},"branchMap":{},"s":{"0":4,"1":0,"2":3,"3":3,"4":4,"5":4,"6":4,"7":1},"f":{"0":4,"1":0,"2":3,"3":4},"b":{},"_coverageSchema":"1a1c01bbd47fc00a2c39e90264f33305004495a9","hash":"2e32abcebceef3a8abfd041d3d248891c95aeaf0"}
}
